<?xml version="1.0" encoding="UTF-8"?>
<!-- Generated by org.testng.reporters.JUnitXMLReporter -->
<testsuite ignored="0" hostname="DESKTOP-AIAMBOH" failures="0" tests="4" name="Test" time="59.609" errors="0" timestamp="31 Jan. 2021 07:55:22 GMT">
  <testcase classname="tests.LoginTest" name="loginTest" time="50.601"/>
  <testcase classname="tests.LoginTest" name="verifyLoginSucessTest" time="0.009"/>
  <testcase classname="tests.LoginTest" name="verifyLogoutIcon" time="0.038"/>
  <testcase classname="tests.LoginTest" name="verifyLogoutSuccess" time="0.765"/>
</testsuite> <!-- Test -->
