<?xml version="1.0" encoding="UTF-8"?>
<testng-results ignored="0" total="2" passed="2" failed="0" skipped="0">
  <reporter-output>
  </reporter-output>
  <suite started-at="2021-02-01T01:45:41Z" name="Default suite" finished-at="2021-02-01T01:45:57Z" duration-ms="16186">
    <groups>
    </groups>
    <test started-at="2021-02-01T01:45:41Z" name="Default test" finished-at="2021-02-01T01:45:57Z" duration-ms="16186">
      <class name="tests.LoginTest">
        <test-method is-config="true" signature="setUp()[pri:0, instance:tests.LoginTest@1dac5ef]" started-at="2021-02-01T01:45:41Z" name="setUp" finished-at="2021-02-01T01:45:48Z" duration-ms="7120" status="PASS">
          <reporter-output>
          </reporter-output>
        </test-method> <!-- setUp -->
        <test-method signature="loginTest()[pri:0, instance:tests.LoginTest@1dac5ef]" started-at="2021-02-01T01:45:48Z" name="loginTest" finished-at="2021-02-01T01:45:53Z" duration-ms="5231" status="PASS">
          <reporter-output>
          </reporter-output>
        </test-method> <!-- loginTest -->
        <test-method signature="verifyLogoutSuccess()[pri:0, instance:tests.LoginTest@1dac5ef]" started-at="2021-02-01T01:45:53Z" name="verifyLogoutSuccess" finished-at="2021-02-01T01:45:56Z" duration-ms="2923" status="PASS">
          <reporter-output>
          </reporter-output>
        </test-method> <!-- verifyLogoutSuccess -->
        <test-method is-config="true" signature="tearDown()[pri:0, instance:tests.LoginTest@1dac5ef]" started-at="2021-02-01T01:45:56Z" name="tearDown" finished-at="2021-02-01T01:45:57Z" duration-ms="885" status="PASS">
          <reporter-output>
          </reporter-output>
        </test-method> <!-- tearDown -->
      </class> <!-- tests.LoginTest -->
    </test> <!-- Default test -->
  </suite> <!-- Default suite -->
</testng-results>
